  main.c
d:\workspace\cpp\studentscoremanagement\studentscoremanagement\main.c(64): error C4996: 'scanf': This function or variable may be unsafe. Consider using scanf_s instead. To disable deprecation, use _CRT_SECURE_NO_WARNINGS. See online help for details.
  d:\windows kits\10\include\10.0.17763.0\ucrt\stdio.h(1274): note: 参见“scanf”的声明
d:\workspace\cpp\studentscoremanagement\studentscoremanagement\main.c(104): error C4996: 'scanf': This function or variable may be unsafe. Consider using scanf_s instead. To disable deprecation, use _CRT_SECURE_NO_WARNINGS. See online help for details.
  d:\windows kits\10\include\10.0.17763.0\ucrt\stdio.h(1274): note: 参见“scanf”的声明
d:\workspace\cpp\studentscoremanagement\studentscoremanagement\main.c(178): error C4996: 'scanf': This function or variable may be unsafe. Consider using scanf_s instead. To disable deprecation, use _CRT_SECURE_NO_WARNINGS. See online help for details.
  d:\windows kits\10\include\10.0.17763.0\ucrt\stdio.h(1274): note: 参见“scanf”的声明
d:\workspace\cpp\studentscoremanagement\studentscoremanagement\main.c(180): error C4996: 'scanf': This function or variable may be unsafe. Consider using scanf_s instead. To disable deprecation, use _CRT_SECURE_NO_WARNINGS. See online help for details.
  d:\windows kits\10\include\10.0.17763.0\ucrt\stdio.h(1274): note: 参见“scanf”的声明
d:\workspace\cpp\studentscoremanagement\studentscoremanagement\main.c(182): error C4996: 'scanf': This function or variable may be unsafe. Consider using scanf_s instead. To disable deprecation, use _CRT_SECURE_NO_WARNINGS. See online help for details.
  d:\windows kits\10\include\10.0.17763.0\ucrt\stdio.h(1274): note: 参见“scanf”的声明
d:\workspace\cpp\studentscoremanagement\studentscoremanagement\main.c(186): error C4996: 'scanf': This function or variable may be unsafe. Consider using scanf_s instead. To disable deprecation, use _CRT_SECURE_NO_WARNINGS. See online help for details.
  d:\windows kits\10\include\10.0.17763.0\ucrt\stdio.h(1274): note: 参见“scanf”的声明
d:\workspace\cpp\studentscoremanagement\studentscoremanagement\main.c(189): error C4996: 'scanf': This function or variable may be unsafe. Consider using scanf_s instead. To disable deprecation, use _CRT_SECURE_NO_WARNINGS. See online help for details.
  d:\windows kits\10\include\10.0.17763.0\ucrt\stdio.h(1274): note: 参见“scanf”的声明
d:\workspace\cpp\studentscoremanagement\studentscoremanagement\main.c(192): error C4996: 'scanf': This function or variable may be unsafe. Consider using scanf_s instead. To disable deprecation, use _CRT_SECURE_NO_WARNINGS. See online help for details.
  d:\windows kits\10\include\10.0.17763.0\ucrt\stdio.h(1274): note: 参见“scanf”的声明
d:\workspace\cpp\studentscoremanagement\studentscoremanagement\main.c(270): error C4996: 'scanf': This function or variable may be unsafe. Consider using scanf_s instead. To disable deprecation, use _CRT_SECURE_NO_WARNINGS. See online help for details.
  d:\windows kits\10\include\10.0.17763.0\ucrt\stdio.h(1274): note: 参见“scanf”的声明
d:\workspace\cpp\studentscoremanagement\studentscoremanagement\main.c(321): warning C4244: “=”: 从“int”转换到“float”，可能丢失数据
d:\workspace\cpp\studentscoremanagement\studentscoremanagement\main.c(326): warning C4244: “=”: 从“int”转换到“float”，可能丢失数据
d:\workspace\cpp\studentscoremanagement\studentscoremanagement\main.c(356): warning C4244: “=”: 从“int”转换到“float”，可能丢失数据
d:\workspace\cpp\studentscoremanagement\studentscoremanagement\main.c(361): warning C4244: “=”: 从“int”转换到“float”，可能丢失数据
d:\workspace\cpp\studentscoremanagement\studentscoremanagement\main.c(390): warning C4244: “=”: 从“int”转换到“float”，可能丢失数据
d:\workspace\cpp\studentscoremanagement\studentscoremanagement\main.c(396): warning C4244: “=”: 从“int”转换到“float”，可能丢失数据
d:\workspace\cpp\studentscoremanagement\studentscoremanagement\main.c(425): warning C4244: “=”: 从“float”转换到“int”，可能丢失数据
d:\workspace\cpp\studentscoremanagement\studentscoremanagement\main.c(435): warning C4244: “=”: 从“int”转换到“float”，可能丢失数据
d:\workspace\cpp\studentscoremanagement\studentscoremanagement\main.c(440): warning C4244: “=”: 从“int”转换到“float”，可能丢失数据
d:\workspace\cpp\studentscoremanagement\studentscoremanagement\main.c(455): error C4996: 'scanf': This function or variable may be unsafe. Consider using scanf_s instead. To disable deprecation, use _CRT_SECURE_NO_WARNINGS. See online help for details.
  d:\windows kits\10\include\10.0.17763.0\ucrt\stdio.h(1274): note: 参见“scanf”的声明
d:\workspace\cpp\studentscoremanagement\studentscoremanagement\main.c(464): error C4996: 'scanf': This function or variable may be unsafe. Consider using scanf_s instead. To disable deprecation, use _CRT_SECURE_NO_WARNINGS. See online help for details.
  d:\windows kits\10\include\10.0.17763.0\ucrt\stdio.h(1274): note: 参见“scanf”的声明
d:\workspace\cpp\studentscoremanagement\studentscoremanagement\main.c(466): error C4996: 'scanf': This function or variable may be unsafe. Consider using scanf_s instead. To disable deprecation, use _CRT_SECURE_NO_WARNINGS. See online help for details.
  d:\windows kits\10\include\10.0.17763.0\ucrt\stdio.h(1274): note: 参见“scanf”的声明
d:\workspace\cpp\studentscoremanagement\studentscoremanagement\main.c(468): error C4996: 'scanf': This function or variable may be unsafe. Consider using scanf_s instead. To disable deprecation, use _CRT_SECURE_NO_WARNINGS. See online help for details.
  d:\windows kits\10\include\10.0.17763.0\ucrt\stdio.h(1274): note: 参见“scanf”的声明
d:\workspace\cpp\studentscoremanagement\studentscoremanagement\main.c(471): error C4996: 'scanf': This function or variable may be unsafe. Consider using scanf_s instead. To disable deprecation, use _CRT_SECURE_NO_WARNINGS. See online help for details.
  d:\windows kits\10\include\10.0.17763.0\ucrt\stdio.h(1274): note: 参见“scanf”的声明
d:\workspace\cpp\studentscoremanagement\studentscoremanagement\main.c(473): error C4996: 'scanf': This function or variable may be unsafe. Consider using scanf_s instead. To disable deprecation, use _CRT_SECURE_NO_WARNINGS. See online help for details.
  d:\windows kits\10\include\10.0.17763.0\ucrt\stdio.h(1274): note: 参见“scanf”的声明
d:\workspace\cpp\studentscoremanagement\studentscoremanagement\main.c(475): error C4996: 'scanf': This function or variable may be unsafe. Consider using scanf_s instead. To disable deprecation, use _CRT_SECURE_NO_WARNINGS. See online help for details.
  d:\windows kits\10\include\10.0.17763.0\ucrt\stdio.h(1274): note: 参见“scanf”的声明
d:\workspace\cpp\studentscoremanagement\studentscoremanagement\main.c(502): error C4996: 'scanf': This function or variable may be unsafe. Consider using scanf_s instead. To disable deprecation, use _CRT_SECURE_NO_WARNINGS. See online help for details.
  d:\windows kits\10\include\10.0.17763.0\ucrt\stdio.h(1274): note: 参见“scanf”的声明
d:\workspace\cpp\studentscoremanagement\studentscoremanagement\main.c(511): error C4996: 'scanf': This function or variable may be unsafe. Consider using scanf_s instead. To disable deprecation, use _CRT_SECURE_NO_WARNINGS. See online help for details.
  d:\windows kits\10\include\10.0.17763.0\ucrt\stdio.h(1274): note: 参见“scanf”的声明
d:\workspace\cpp\studentscoremanagement\studentscoremanagement\main.c(513): error C4996: 'scanf': This function or variable may be unsafe. Consider using scanf_s instead. To disable deprecation, use _CRT_SECURE_NO_WARNINGS. See online help for details.
  d:\windows kits\10\include\10.0.17763.0\ucrt\stdio.h(1274): note: 参见“scanf”的声明
d:\workspace\cpp\studentscoremanagement\studentscoremanagement\main.c(515): error C4996: 'scanf': This function or variable may be unsafe. Consider using scanf_s instead. To disable deprecation, use _CRT_SECURE_NO_WARNINGS. See online help for details.
  d:\windows kits\10\include\10.0.17763.0\ucrt\stdio.h(1274): note: 参见“scanf”的声明
d:\workspace\cpp\studentscoremanagement\studentscoremanagement\main.c(518): error C4996: 'scanf': This function or variable may be unsafe. Consider using scanf_s instead. To disable deprecation, use _CRT_SECURE_NO_WARNINGS. See online help for details.
  d:\windows kits\10\include\10.0.17763.0\ucrt\stdio.h(1274): note: 参见“scanf”的声明
d:\workspace\cpp\studentscoremanagement\studentscoremanagement\main.c(520): error C4996: 'scanf': This function or variable may be unsafe. Consider using scanf_s instead. To disable deprecation, use _CRT_SECURE_NO_WARNINGS. See online help for details.
  d:\windows kits\10\include\10.0.17763.0\ucrt\stdio.h(1274): note: 参见“scanf”的声明
d:\workspace\cpp\studentscoremanagement\studentscoremanagement\main.c(522): error C4996: 'scanf': This function or variable may be unsafe. Consider using scanf_s instead. To disable deprecation, use _CRT_SECURE_NO_WARNINGS. See online help for details.
  d:\windows kits\10\include\10.0.17763.0\ucrt\stdio.h(1274): note: 参见“scanf”的声明
d:\workspace\cpp\studentscoremanagement\studentscoremanagement\main.c(547): error C4996: 'scanf': This function or variable may be unsafe. Consider using scanf_s instead. To disable deprecation, use _CRT_SECURE_NO_WARNINGS. See online help for details.
  d:\windows kits\10\include\10.0.17763.0\ucrt\stdio.h(1274): note: 参见“scanf”的声明
d:\workspace\cpp\studentscoremanagement\studentscoremanagement\main.c(548): error C4996: 'fopen': This function or variable may be unsafe. Consider using fopen_s instead. To disable deprecation, use _CRT_SECURE_NO_WARNINGS. See online help for details.
  d:\windows kits\10\include\10.0.17763.0\ucrt\stdio.h(208): note: 参见“fopen”的声明
